<?xml version="1.0" encoding="UTF-8"?>
<testng-results ignored="1" total="2" passed="1" failed="0" skipped="0">
  <reporter-output>
  </reporter-output>
  <suite started-at="2022-02-04T20:42:47 CST" name="Default suite" finished-at="2022-02-04T20:43:02 CST" duration-ms="14316">
    <groups>
    </groups>
    <test started-at="2022-02-04T20:42:47 CST" name="Default test" finished-at="2022-02-04T20:43:02 CST" duration-ms="14316">
      <class name="com.crm.qa.testcases.LoginPageTest">
        <test-method is-config="true" signature="setUp()[pri:0, instance:com.crm.qa.testcases.LoginPageTest@1af2d44a]" started-at="2022-02-04T20:42:47 CST" name="setUp" finished-at="2022-02-04T20:43:01 CST" duration-ms="14018" status="PASS">
          <reporter-output>
          </reporter-output>
        </test-method> <!-- setUp -->
        <test-method signature="loginPageTitleTest()[pri:1, instance:com.crm.qa.testcases.LoginPageTest@1af2d44a]" started-at="2022-02-04T20:43:01 CST" name="loginPageTitleTest" finished-at="2022-02-04T20:43:01 CST" duration-ms="18" status="PASS">
          <reporter-output>
          </reporter-output>
        </test-method> <!-- loginPageTitleTest -->
        <test-method is-config="true" signature="tearDown()[pri:0, instance:com.crm.qa.testcases.LoginPageTest@1af2d44a]" started-at="2022-02-04T20:43:01 CST" name="tearDown" finished-at="2022-02-04T20:43:02 CST" duration-ms="231" status="PASS">
          <reporter-output>
          </reporter-output>
        </test-method> <!-- tearDown -->
      </class> <!-- com.crm.qa.testcases.LoginPageTest -->
    </test> <!-- Default test -->
  </suite> <!-- Default suite -->
</testng-results>
